2023-09-06 08:00:31,480 INFO o.s.b.StartupInfoLogger [main] Starting ShopSpringApplication using Java 17.0.7 with PID 7076 (C:\Users\mmazurek\Downloads\shopSpring\shopSpring\target\classes started by mmazurek in C:\Users\mmazurek\Downloads\shopSpring)
2023-09-06 08:00:31,506 DEBUG o.s.b.StartupInfoLogger [main] Running with Spring Boot v3.1.3, Spring v6.0.11
2023-09-06 08:00:31,508 INFO o.s.b.SpringApplication [main] No active profile set, falling back to 1 default profile: "default"
2023-09-06 08:00:32,370 INFO o.s.d.r.c.RepositoryConfigurationDelegate [main] Bootstrapping Spring Data JPA repositories in DEFAULT mode.
2023-09-06 08:00:32,478 INFO o.s.d.r.c.RepositoryConfigurationDelegate [main] Finished Spring Data repository scanning in 97 ms. Found 8 JPA repository interfaces.
2023-09-06 08:00:33,211 INFO o.s.b.w.e.t.TomcatWebServer [main] Tomcat initialized with port(s): 8080 (http)
2023-09-06 08:00:33,225 INFO o.a.j.l.DirectJDKLog [main] Initializing ProtocolHandler ["http-nio-8080"]
2023-09-06 08:00:33,228 INFO o.a.j.l.DirectJDKLog [main] Starting service [Tomcat]
2023-09-06 08:00:33,228 INFO o.a.j.l.DirectJDKLog [main] Starting Servlet engine: [Apache Tomcat/10.1.12]
2023-09-06 08:00:33,339 INFO o.a.j.l.DirectJDKLog [main] Initializing Spring embedded WebApplicationContext
2023-09-06 08:00:33,341 INFO o.s.b.w.s.c.ServletWebServerApplicationContext [main] Root WebApplicationContext: initialization completed in 1767 ms
2023-09-06 08:00:33,580 INFO c.z.h.HikariDataSource [main] HikariPool-1 - Starting...
2023-09-06 08:00:34,042 INFO c.z.h.p.HikariPool [main] HikariPool-1 - Added connection com.mysql.cj.jdbc.ConnectionImpl@2fbd390
2023-09-06 08:00:34,044 INFO c.z.h.HikariDataSource [main] HikariPool-1 - Start completed.
2023-09-06 08:00:34,500 INFO l.l.c.JavaLogger [main] Reading resource: yaml/01_Address.yaml
2023-09-06 08:00:34,773 INFO l.l.c.JavaLogger [main] Reading resource: yaml/02_Cart.yaml
2023-09-06 08:00:34,791 INFO l.l.c.JavaLogger [main] Reading resource: yaml/03_Login.yaml
2023-09-06 08:00:34,806 INFO l.l.c.JavaLogger [main] Reading resource: yaml/04_Roles.yaml
2023-09-06 08:00:34,819 INFO l.l.c.JavaLogger [main] Reading resource: yaml/05_Client.yaml
2023-09-06 08:00:34,834 INFO l.l.c.JavaLogger [main] Reading resource: yaml/06_Orders.yaml
2023-09-06 08:00:34,846 INFO l.l.c.JavaLogger [main] Reading resource: yaml/07_Product.yaml
2023-09-06 08:00:34,871 INFO l.l.c.JavaLogger [main] Reading resource: yaml/08_Employee.yaml
2023-09-06 08:00:34,886 INFO l.l.c.JavaLogger [main] Reading resource: yaml/09_Product_History.yaml
2023-09-06 08:00:34,901 INFO l.l.c.JavaLogger [main] Reading resource: yaml/10_Alter.yaml
2023-09-06 08:00:35,110 INFO l.l.c.JavaLogger [main] Reading from shopYaml.DATABASECHANGELOG
2023-09-06 08:00:35,182 INFO l.l.c.JavaLogger [main] Reading from shopYaml.DATABASECHANGELOG
2023-09-06 08:00:35,191 INFO l.l.c.JavaLogger [main] UPDATE SUMMARY
2023-09-06 08:00:35,192 INFO l.l.c.JavaLogger [main] Run:                          0
2023-09-06 08:00:35,192 INFO l.l.c.JavaLogger [main] Previously run:              10
2023-09-06 08:00:35,192 INFO l.l.c.JavaLogger [main] Filtered out:                 0
2023-09-06 08:00:35,192 INFO l.l.c.JavaLogger [main] -------------------------------
2023-09-06 08:00:35,193 INFO l.l.c.JavaLogger [main] Total change sets:           10

2023-09-06 08:00:35,194 INFO l.l.c.JavaLogger [main] Update summary generated
2023-09-06 08:00:35,215 INFO l.l.c.JavaLogger [main] Successfully released change log lock
2023-09-06 08:00:35,227 INFO l.l.c.JavaLogger [main] Command execution complete
2023-09-06 08:00:35,360 INFO o.h.j.i.u.LogHelper [main] HHH000204: Processing PersistenceUnitInfo [name: default]
2023-09-06 08:00:35,467 INFO o.h.Version [main] HHH000412: Hibernate ORM core version 6.2.7.Final
2023-09-06 08:00:35,470 INFO o.h.c.Environment [main] HHH000406: Using bytecode reflection optimizer
2023-09-06 08:00:35,697 INFO o.h.e.b.i.EnversServiceImpl [main] Envers integration enabled? : true
2023-09-06 08:00:35,739 INFO o.h.b.i.BytecodeProviderInitiator [main] HHH000021: Bytecode provider name : bytebuddy
2023-09-06 08:00:35,912 INFO o.s.o.j.p.SpringPersistenceUnitInfo [main] No LoadTimeWeaver setup: ignoring JPA class transformer
2023-09-06 08:00:36,302 INFO o.h.e.c.i.m.AuditMetadataGenerator [main] Adding properties for entity: com.example.shopSpring.data.orders.model.Orders
2023-09-06 08:00:36,304 INFO o.h.e.c.i.m.AuditMetadataGenerator [main] Adding properties for entity: com.example.shopSpring.data.entities.Product_Order
2023-09-06 08:00:36,304 INFO o.h.e.c.i.m.AuditMetadataGenerator [main] Adding properties for entity: com.example.shopSpring.data.entities.Product_History
2023-09-06 08:00:36,306 INFO o.h.e.c.i.m.AuditMetadataGenerator [main] Adding properties for entity: com.example.shopSpring.data.entities.Product_Cart
2023-09-06 08:00:36,306 INFO o.h.e.c.i.m.AuditMetadataGenerator [main] Adding properties for entity: com.example.shopSpring.data.employees.model.Employee
2023-09-06 08:00:36,306 INFO o.h.e.c.i.m.AuditMetadataGenerator [main] Adding properties for entity: com.example.shopSpring.data.roles.model.Roles
2023-09-06 08:00:36,306 INFO o.h.e.c.i.m.AuditMetadataGenerator [main] Adding properties for entity: com.example.shopSpring.data.products.model.Product
2023-09-06 08:00:36,309 INFO o.h.e.c.i.m.AuditMetadataGenerator [main] Adding properties for entity: com.example.shopSpring.data.carts.model.Cart
2023-09-06 08:00:36,309 INFO o.h.e.c.i.m.AuditMetadataGenerator [main] Adding properties for entity: com.example.shopSpring.data.logins.model.Login
2023-09-06 08:00:36,397 INFO o.h.b.i.BytecodeProviderInitiator [main] HHH000021: Bytecode provider name : bytebuddy
2023-09-06 08:00:36,465 WARN o.h.m.RootClass [main] HHH000038: Composite-id class does not override equals(): com.example.shopSpring.data.entities.Product_Cart
2023-09-06 08:00:36,465 WARN o.h.m.RootClass [main] HHH000039: Composite-id class does not override hashCode(): com.example.shopSpring.data.entities.Product_Cart
2023-09-06 08:00:36,465 WARN o.h.m.RootClass [main] HHH000038: Composite-id class does not override equals(): com.example.shopSpring.data.entities.ProductOrderId
2023-09-06 08:00:36,465 WARN o.h.m.RootClass [main] HHH000039: Composite-id class does not override hashCode(): com.example.shopSpring.data.entities.ProductOrderId
2023-09-06 08:00:37,227 INFO o.h.e.t.j.p.i.JtaPlatformInitiator [main] HHH000490: Using JtaPlatform implementation: [org.hibernate.engine.transaction.jta.platform.internal.NoJtaPlatform]
2023-09-06 08:00:37,282 INFO o.s.o.j.AbstractEntityManagerFactoryBean [main] Initialized JPA EntityManagerFactory for persistence unit 'default'
2023-09-06 08:00:37,942 WARN o.s.b.a.o.j.JpaBaseConfiguration$JpaWebConfiguration [main] spring.jpa.open-in-view is enabled by default. Therefore, database queries may be performed during view rendering. Explicitly configure spring.jpa.open-in-view to disable this warning
2023-09-06 08:00:38,696 DEBUG o.s.s.w.a.e.ExpressionBasedFilterInvocationSecurityMetadataSource [main] Adding web access control expression [permitAll] for ExactUrl [processUrl='/login?error']
2023-09-06 08:00:38,717 DEBUG o.s.s.w.a.e.ExpressionBasedFilterInvocationSecurityMetadataSource [main] Adding web access control expression [permitAll] for ExactUrl [processUrl='/login']
2023-09-06 08:00:38,717 DEBUG o.s.s.w.a.e.ExpressionBasedFilterInvocationSecurityMetadataSource [main] Adding web access control expression [permitAll] for ExactUrl [processUrl='/login']
2023-09-06 08:00:38,717 DEBUG o.s.s.w.a.e.ExpressionBasedFilterInvocationSecurityMetadataSource [main] Adding web access control expression [hasAnyRole('ROLE_admin','ROLE_user','ROLE_Employee')] for Mvc [pattern='/**', GET]
2023-09-06 08:00:38,719 DEBUG o.s.s.w.a.e.ExpressionBasedFilterInvocationSecurityMetadataSource [main] Adding web access control expression [hasAnyRole('ROLE_admin','ROLE_Employee')] for Mvc [pattern='/role/**']
2023-09-06 08:00:38,720 DEBUG o.s.s.w.a.e.ExpressionBasedFilterInvocationSecurityMetadataSource [main] Adding web access control expression [permitAll] for any request
2023-09-06 08:00:38,738 INFO o.s.s.w.DefaultSecurityFilterChain [main] Will secure any request with [org.springframework.security.web.session.DisableEncodeUrlFilter@5edca2ff, org.springframework.security.web.context.request.async.WebAsyncManagerIntegrationFilter@6a651151, org.springframework.security.web.context.SecurityContextHolderFilter@be73bbd, org.springframework.security.web.header.HeaderWriterFilter@464de784, org.springframework.security.web.authentication.logout.LogoutFilter@4f1a6259, org.springframework.security.web.authentication.UsernamePasswordAuthenticationFilter@145baec6, org.springframework.security.web.authentication.ui.DefaultLoginPageGeneratingFilter@3ececd11, org.springframework.security.web.authentication.ui.DefaultLogoutPageGeneratingFilter@246b2469, org.springframework.security.web.authentication.www.BasicAuthenticationFilter@4e80180c, org.springframework.security.web.savedrequest.RequestCacheAwareFilter@33d95295, org.springframework.security.web.servletapi.SecurityContextHolderAwareRequestFilter@5e1fd72a, org.springframework.security.web.authentication.AnonymousAuthenticationFilter@7e389cd6, org.springframework.security.web.access.ExceptionTranslationFilter@7ff4f301, org.springframework.security.web.access.intercept.FilterSecurityInterceptor@eeb1cac]
2023-09-06 08:00:38,993 INFO o.a.j.l.DirectJDKLog [main] Starting ProtocolHandler ["http-nio-8080"]
2023-09-06 08:00:39,033 INFO o.s.b.w.e.t.TomcatWebServer [main] Tomcat started on port(s): 8080 (http) with context path ''
2023-09-06 08:00:39,043 INFO o.s.b.StartupInfoLogger [main] Started ShopSpringApplication in 8.19 seconds (process running for 9.143)
2023-09-06 08:02:30,246 INFO o.s.o.j.AbstractEntityManagerFactoryBean [SpringApplicationShutdownHook] Closing JPA EntityManagerFactory for persistence unit 'default'
2023-09-06 08:02:30,248 INFO c.z.h.HikariDataSource [SpringApplicationShutdownHook] HikariPool-1 - Shutdown initiated...
2023-09-06 08:02:30,257 INFO c.z.h.HikariDataSource [SpringApplicationShutdownHook] HikariPool-1 - Shutdown completed.
2023-09-06 08:13:32,277 INFO o.s.b.StartupInfoLogger [main] Starting ShopSpringApplication using Java 17.0.7 with PID 4180 (C:\Users\mmazurek\Downloads\shopSpring\shopSpring\target\classes started by mmazurek in C:\Users\mmazurek\Downloads\shopSpring)
2023-09-06 08:13:32,290 DEBUG o.s.b.StartupInfoLogger [main] Running with Spring Boot v3.1.3, Spring v6.0.11
2023-09-06 08:13:32,293 INFO o.s.b.SpringApplication [main] No active profile set, falling back to 1 default profile: "default"
2023-09-06 08:13:33,074 INFO o.s.d.r.c.RepositoryConfigurationDelegate [main] Bootstrapping Spring Data JPA repositories in DEFAULT mode.
2023-09-06 08:13:33,186 INFO o.s.d.r.c.RepositoryConfigurationDelegate [main] Finished Spring Data repository scanning in 101 ms. Found 8 JPA repository interfaces.
2023-09-06 08:13:33,873 INFO o.s.b.w.e.t.TomcatWebServer [main] Tomcat initialized with port(s): 8080 (http)
2023-09-06 08:13:33,886 INFO o.a.j.l.DirectJDKLog [main] Initializing ProtocolHandler ["http-nio-8080"]
2023-09-06 08:13:33,890 INFO o.a.j.l.DirectJDKLog [main] Starting service [Tomcat]
2023-09-06 08:13:33,890 INFO o.a.j.l.DirectJDKLog [main] Starting Servlet engine: [Apache Tomcat/10.1.12]
2023-09-06 08:13:34,001 INFO o.a.j.l.DirectJDKLog [main] Initializing Spring embedded WebApplicationContext
2023-09-06 08:13:34,004 INFO o.s.b.w.s.c.ServletWebServerApplicationContext [main] Root WebApplicationContext: initialization completed in 1643 ms
2023-09-06 08:13:34,193 INFO c.z.h.HikariDataSource [main] HikariPool-1 - Starting...
2023-09-06 08:13:34,550 INFO c.z.h.p.HikariPool [main] HikariPool-1 - Added connection com.mysql.cj.jdbc.ConnectionImpl@61853c7e
2023-09-06 08:13:34,552 INFO c.z.h.HikariDataSource [main] HikariPool-1 - Start completed.
2023-09-06 08:13:34,935 INFO l.l.c.JavaLogger [main] Reading resource: yaml/01_Address.yaml
2023-09-06 08:13:35,160 INFO l.l.c.JavaLogger [main] Reading resource: yaml/02_Cart.yaml
2023-09-06 08:13:35,178 INFO l.l.c.JavaLogger [main] Reading resource: yaml/03_Login.yaml
2023-09-06 08:13:35,195 INFO l.l.c.JavaLogger [main] Reading resource: yaml/04_Roles.yaml
2023-09-06 08:13:35,208 INFO l.l.c.JavaLogger [main] Reading resource: yaml/05_Client.yaml
2023-09-06 08:13:35,223 INFO l.l.c.JavaLogger [main] Reading resource: yaml/06_Orders.yaml
2023-09-06 08:13:35,235 INFO l.l.c.JavaLogger [main] Reading resource: yaml/07_Product.yaml
2023-09-06 08:13:35,258 INFO l.l.c.JavaLogger [main] Reading resource: yaml/08_Employee.yaml
2023-09-06 08:13:35,273 INFO l.l.c.JavaLogger [main] Reading resource: yaml/09_Product_History.yaml
2023-09-06 08:13:35,284 INFO l.l.c.JavaLogger [main] Reading resource: yaml/10_Alter.yaml
2023-09-06 08:13:35,482 INFO l.l.c.JavaLogger [main] Reading from shopYaml.DATABASECHANGELOG
2023-09-06 08:13:35,555 INFO l.l.c.JavaLogger [main] Reading from shopYaml.DATABASECHANGELOG
2023-09-06 08:13:35,564 INFO l.l.c.JavaLogger [main] UPDATE SUMMARY
2023-09-06 08:13:35,565 INFO l.l.c.JavaLogger [main] Run:                          0
2023-09-06 08:13:35,566 INFO l.l.c.JavaLogger [main] Previously run:              10
2023-09-06 08:13:35,566 INFO l.l.c.JavaLogger [main] Filtered out:                 0
2023-09-06 08:13:35,567 INFO l.l.c.JavaLogger [main] -------------------------------
2023-09-06 08:13:35,567 INFO l.l.c.JavaLogger [main] Total change sets:           10

2023-09-06 08:13:35,568 INFO l.l.c.JavaLogger [main] Update summary generated
2023-09-06 08:13:35,592 INFO l.l.c.JavaLogger [main] Successfully released change log lock
2023-09-06 08:13:35,594 INFO l.l.c.JavaLogger [main] Command execution complete
2023-09-06 08:13:35,706 INFO o.h.j.i.u.LogHelper [main] HHH000204: Processing PersistenceUnitInfo [name: default]
2023-09-06 08:13:35,815 INFO o.h.Version [main] HHH000412: Hibernate ORM core version 6.2.7.Final
2023-09-06 08:13:35,818 INFO o.h.c.Environment [main] HHH000406: Using bytecode reflection optimizer
2023-09-06 08:13:35,987 INFO o.h.e.b.i.EnversServiceImpl [main] Envers integration enabled? : true
2023-09-06 08:13:36,015 INFO o.h.b.i.BytecodeProviderInitiator [main] HHH000021: Bytecode provider name : bytebuddy
2023-09-06 08:13:36,160 INFO o.s.o.j.p.SpringPersistenceUnitInfo [main] No LoadTimeWeaver setup: ignoring JPA class transformer
2023-09-06 08:13:36,539 INFO o.h.e.c.i.m.AuditMetadataGenerator [main] Adding properties for entity: com.example.shopSpring.data.orders.model.Orders
2023-09-06 08:13:36,542 INFO o.h.e.c.i.m.AuditMetadataGenerator [main] Adding properties for entity: com.example.shopSpring.data.entities.Product_Order
2023-09-06 08:13:36,542 INFO o.h.e.c.i.m.AuditMetadataGenerator [main] Adding properties for entity: com.example.shopSpring.data.entities.Product_History
2023-09-06 08:13:36,543 INFO o.h.e.c.i.m.AuditMetadataGenerator [main] Adding properties for entity: com.example.shopSpring.data.entities.Product_Cart
2023-09-06 08:13:36,543 INFO o.h.e.c.i.m.AuditMetadataGenerator [main] Adding properties for entity: com.example.shopSpring.data.employees.model.Employee
2023-09-06 08:13:36,543 INFO o.h.e.c.i.m.AuditMetadataGenerator [main] Adding properties for entity: com.example.shopSpring.data.roles.model.Roles
2023-09-06 08:13:36,544 INFO o.h.e.c.i.m.AuditMetadataGenerator [main] Adding properties for entity: com.example.shopSpring.data.products.model.Product
2023-09-06 08:13:36,549 INFO o.h.e.c.i.m.AuditMetadataGenerator [main] Adding properties for entity: com.example.shopSpring.data.carts.model.Cart
2023-09-06 08:13:36,549 INFO o.h.e.c.i.m.AuditMetadataGenerator [main] Adding properties for entity: com.example.shopSpring.data.logins.model.Login
2023-09-06 08:13:36,621 INFO o.h.b.i.BytecodeProviderInitiator [main] HHH000021: Bytecode provider name : bytebuddy
2023-09-06 08:13:36,681 WARN o.h.m.RootClass [main] HHH000038: Composite-id class does not override equals(): com.example.shopSpring.data.entities.Product_Cart
2023-09-06 08:13:36,682 WARN o.h.m.RootClass [main] HHH000039: Composite-id class does not override hashCode(): com.example.shopSpring.data.entities.Product_Cart
2023-09-06 08:13:36,682 WARN o.h.m.RootClass [main] HHH000038: Composite-id class does not override equals(): com.example.shopSpring.data.entities.ProductOrderId
2023-09-06 08:13:36,682 WARN o.h.m.RootClass [main] HHH000039: Composite-id class does not override hashCode(): com.example.shopSpring.data.entities.ProductOrderId
2023-09-06 08:13:37,473 INFO o.h.e.t.j.p.i.JtaPlatformInitiator [main] HHH000490: Using JtaPlatform implementation: [org.hibernate.engine.transaction.jta.platform.internal.NoJtaPlatform]
2023-09-06 08:13:37,522 INFO o.s.o.j.AbstractEntityManagerFactoryBean [main] Initialized JPA EntityManagerFactory for persistence unit 'default'
2023-09-06 08:13:38,078 WARN o.s.b.a.o.j.JpaBaseConfiguration$JpaWebConfiguration [main] spring.jpa.open-in-view is enabled by default. Therefore, database queries may be performed during view rendering. Explicitly configure spring.jpa.open-in-view to disable this warning
2023-09-06 08:13:38,663 DEBUG o.s.s.w.a.e.ExpressionBasedFilterInvocationSecurityMetadataSource [main] Adding web access control expression [permitAll] for ExactUrl [processUrl='/login?error']
2023-09-06 08:13:38,679 DEBUG o.s.s.w.a.e.ExpressionBasedFilterInvocationSecurityMetadataSource [main] Adding web access control expression [permitAll] for ExactUrl [processUrl='/login']
2023-09-06 08:13:38,679 DEBUG o.s.s.w.a.e.ExpressionBasedFilterInvocationSecurityMetadataSource [main] Adding web access control expression [permitAll] for ExactUrl [processUrl='/login']
2023-09-06 08:13:38,679 DEBUG o.s.s.w.a.e.ExpressionBasedFilterInvocationSecurityMetadataSource [main] Adding web access control expression [hasAnyRole('ROLE_admin','ROLE_user','ROLE_Employee')] for Mvc [pattern='/**', GET]
2023-09-06 08:13:38,682 DEBUG o.s.s.w.a.e.ExpressionBasedFilterInvocationSecurityMetadataSource [main] Adding web access control expression [hasAnyRole('ROLE_admin','ROLE_Employee')] for Mvc [pattern='/role/**']
2023-09-06 08:13:38,682 DEBUG o.s.s.w.a.e.ExpressionBasedFilterInvocationSecurityMetadataSource [main] Adding web access control expression [permitAll] for any request
2023-09-06 08:13:38,697 INFO o.s.s.w.DefaultSecurityFilterChain [main] Will secure any request with [org.springframework.security.web.session.DisableEncodeUrlFilter@40b4a59c, org.springframework.security.web.context.request.async.WebAsyncManagerIntegrationFilter@456c528c, org.springframework.security.web.context.SecurityContextHolderFilter@27b8daa1, org.springframework.security.web.header.HeaderWriterFilter@25712d03, org.springframework.security.web.authentication.logout.LogoutFilter@2f5823c7, org.springframework.security.web.authentication.UsernamePasswordAuthenticationFilter@3d74313a, org.springframework.security.web.authentication.ui.DefaultLoginPageGeneratingFilter@4945b25f, org.springframework.security.web.authentication.ui.DefaultLogoutPageGeneratingFilter@69438db0, org.springframework.security.web.authentication.www.BasicAuthenticationFilter@7657cc5, org.springframework.security.web.savedrequest.RequestCacheAwareFilter@4f1a6259, org.springframework.security.web.servletapi.SecurityContextHolderAwareRequestFilter@548051d7, org.springframework.security.web.authentication.AnonymousAuthenticationFilter@112aa99c, org.springframework.security.web.access.ExceptionTranslationFilter@5249b9c5, org.springframework.security.web.access.intercept.FilterSecurityInterceptor@3a5b73cb]
2023-09-06 08:13:38,900 INFO o.a.j.l.DirectJDKLog [main] Starting ProtocolHandler ["http-nio-8080"]
2023-09-06 08:13:38,940 INFO o.s.b.w.e.t.TomcatWebServer [main] Tomcat started on port(s): 8080 (http) with context path ''
2023-09-06 08:13:38,953 INFO o.s.b.StartupInfoLogger [main] Started ShopSpringApplication in 7.207 seconds (process running for 7.977)
2023-09-06 09:28:18,167 INFO o.s.o.j.AbstractEntityManagerFactoryBean [SpringApplicationShutdownHook] Closing JPA EntityManagerFactory for persistence unit 'default'
2023-09-06 09:28:18,172 INFO c.z.h.HikariDataSource [SpringApplicationShutdownHook] HikariPool-1 - Shutdown initiated...
2023-09-06 09:28:18,181 INFO c.z.h.HikariDataSource [SpringApplicationShutdownHook] HikariPool-1 - Shutdown completed.
